2023-05-11 15:58:26 - [31merror[39m: [31mdb did not connect![39m
2023-05-16 16:45:51 - [31merror[39m: [31mdb did not connect![39m
2023-05-16 16:46:24 - [31merror[39m: [31mdb did not connect![39m
2023-05-16 16:47:09 - [31merror[39m: [31mdb did not connect![39m
2023-05-16 16:48:55 - [31merror[39m: [31mdb did not connect![39m
2023-05-18 13:40:56 - [31merror[39m: [31mError in registerUser: JsonWebTokenError: invalid token[39m
2023-05-18 13:42:11 - [31merror[39m: [31mError in registerUser: JsonWebTokenError: invalid token[39m
2023-05-19 15:46:10 - [31merror[39m: [31mCast to ObjectId failed for value "<ref *2> IncomingMessage {[39m
[31m  _readableState: ReadableState {[39m
[31m    objectMode: false,[39m
[31m    highWaterMark: 16384,[39m
[31m    buffer: BufferList { head: null, tail: null, length: 0 },[39m
[31m    length: 0,[39m
[31m    pipes: [],[39m
[31m    flowing: null,[39m
[31m    ended: true,[39m
[31m    endEmitted: false,[39m
[31m    reading: false,[39m
[31m    constructed: true,[39m
[31m    sync: true,[39m
[31m    needReadable: false,[39m
[31m    emittedReadable: false,[39m
[31m    readableListening: false,[39m
[31m    resumeScheduled: false,[39m
[31m    errorEmitted: false,[39m
[31m    emitClose: true,[39m
[31m    autoDestroy: true,[39m
[31m    destroyed: false,[39m
[31m    errored: null,[39m
[31m    closed: false,[39m
[31m    closeEmitted: false,[39m
[31m    defaultEncoding: 'utf8',[39m
[31m    awaitDrainWriters: null,[39m
[31m    multiAwaitDrain: false,[39m
[31m    readingMore: true,[39m
[31m    dataEmitted: false,[39m
[31m    decoder: null,[39m
[31m    encoding: null,[39m
[31m    [Symbol(kPaused)]: null[39m
[31m  },[39m
[31m  _events: [Object: null prototype] {},[39m
[31m  _eventsCount: 0,[39m
[31m  _maxListeners: undefined,[39m
[31m  socket: <ref *1> Socket {[39m
[31m    connecting: false,[39m
[31m    _hadError: false,[39m
[31m    _parent: null,[39m
[31m    _host: null,[39m
[31m    _closeAfterHandlingError: false,[39m
[31m    _readableState: ReadableState {[39m
[31m      objectMode: false,[39m
[31m      highWaterMark: 16384,[39m
[31m      buffer: BufferList { head: null, tail: null, length: 0 },[39m
[31m      length: 0,[39m
[31m      pipes: [],[39m
[31m      flowing: true,[39m
[31m      ended: false,[39m
[31m      endEmitted: false,[39m
[31m      reading: true,[39m
[31m      constructed: true,[39m
[31m      sync: false,[39m
[31m      needReadable: true,[39m
[31m      emittedReadable: false,[39m
[31m      readableListening: false,[39m
[31m      resumeScheduled: false,[39m
[31m      errorEmitted: false,[39m
[31m      emitClose: false,[39m
[31m      autoDestroy: true,[39m
[31m      destroyed: false,[39m
[31m      errored: null,[39m
[31m      closed: false,[39m
[31m      closeEmitted: false,[39m
[31m      defaultEncoding: 'utf8',[39m
[31m      awaitDrainWriters: null,[39m
[31m      multiAwaitDrain: false,[39m
[31m      readingMore: false,[39m
[31m      dataEmitted: false,[39m
[31m      decoder: null,[39m
[31m      encoding: null,[39m
[31m      [Symbol(kPaused)]: false[39m
[31m    },[39m
[31m    _events: [Object: null prototype] {[39m
[31m      end: [Array],[39m
[31m      timeout: [Function: socketOnTimeout],[39m
[31m      data: [Function: bound socketOnData],[39m
[31m      error: [Array],[39m
[31m      close: [Array],[39m
[31m      drain: [Function: bound socketOnDrain],[39m
[31m      resume: [Function: onSocketResume],[39m
[31m      pause: [Function: onSocketPause][39m
[31m    },[39m
[31m    _eventsCount: 8,[39m
[31m    _maxListeners: undefined,[39m
[31m    _writableState: WritableState {[39m
[31m      objectMode: false,[39m
[31m      highWaterMark: 16384,[39m
[31m      finalCalled: false,[39m
[31m      needDrain: false,[39m
[31m      ending: false,[39m
[31m      ended: false,[39m
[31m      finished: false,[39m
[31m      destroyed: false,[39m
[31m      decodeStrings: false,[39m
[31m      defaultEncoding: 'utf8',[39m
[31m      length: 0,[39m
[31m      writing: false,[39m
[31m      corked: 0,[39m
[31m      sync: true,[39m
[31m      bufferProcessing: false,[39m
[31m      onwrite: [Function: bound onwrite],[39m
[31m      writecb: null,[39m
[31m      writelen: 0,[39m
[31m      afterWriteTickInfo: null,[39m
[31m      buffered: [],[39m
[31m      bufferedIndex: 0,[39m
[31m      allBuffers: true,[39m
[31m      allNoop: true,[39m
[31m      pendingcb: 0,[39m
[31m      constructed: true,[39m
[31m      prefinished: false,[39m
[31m      errorEmitted: false,[39m
[31m      emitClose: false,[39m
[31m      autoDestroy: true,[39m
[31m      errored: null,[39m
[31m      closed: false,[39m
[31m      closeEmitted: false,[39m
[31m      [Symbol(kOnFinished)]: [][39m
[31m    },[39m
[31m    allowHalfOpen: true,[39m
[31m    _sockname: null,[39m
[31m    _pendingData: null,[39m
[31m    _pendingEncoding: '',[39m
[31m    server: Server {[39m
[31m      maxHeaderSize: undefined,[39m
[31m      insecureHTTPParser: undefined,[39m
[31m      requestTimeout: 300000,[39m
[31m      headersTimeout: 60000,[39m
[31m      keepAliveTimeout: 5000,[39m
[31m      connectionsCheckingInterval: 30000,[39m
[31m      _events: [Object: null prototype],[39m
[31m      _eventsCount: 2,[39m
[31m      _maxListeners: undefined,[39m
[31m      _connections: 1,[39m
[31m      _handle: [TCP],[39m
[31m      _usingWorkers: false,[39m
[31m      _workers: [],[39m
[31m      _unref: false,[39m
[31m      allowHalfOpen: true,[39m
[31m      pauseOnConnect: false,[39m
[31m      noDelay: true,[39m
[31m      keepAlive: false,[39m
[31m      keepAliveInitialDelay: 0,[39m
[31m      httpAllowHalfOpen: false,[39m
[31m      timeout: 0,[39m
[31m      maxHeadersCount: null,[39m
[31m      maxRequestsPerSocket: 0,[39m
[31m      _connectionKey: '6::::5000',[39m
[31m      [Symbol(IncomingMessage)]: [Function: IncomingMessage],[39m
[31m      [Symbol(ServerResponse)]: [Function: ServerResponse],[39m
[31m      [Symbol(kCapture)]: false,[39m
[31m      [Symbol(async_id_symbol)]: 721,[39m
[31m      [Symbol(http.server.connections)]: ConnectionsList {},[39m
[31m      [Symbol(http.server.connectionsCheckingInterval)]: Timeout {[39m
[31m        _idleTimeout: 30000,[39m
[31m        _idlePrev: [TimersList],[39m
[31m        _idleNext: [TimersList],[39m
[31m        _idleStart: 1102,[39m
[31m        _onTimeout: [Function: bound checkConnections],[39m
[31m        _timerArgs: undefined,[39m
[31m        _repeat: 30000,[39m
[31m        _destroyed: false,[39m
[31m        [Symbol(refed)]: false,[39m
[31m        [Symbol(kHasPrimitive)]: false,[39m
[31m        [Symbol(asyncId)]: 720,[39m
[31m        [Symbol(triggerId)]: 1[39m
[31m      },[39m
[31m      [Symbol(kUniqueHeaders)]: null[39m
[31m    },[39m
[31m    _server: Server {[39m
[31m      maxHeaderSize: undefined,[39m
[31m      insecureHTTPParser: undefined,[39m
[31m      requestTimeout: 300000,[39m
[31m      headersTimeout: 60000,[39m
[31m      keepAliveTimeout: 5000,[39m
[31m      connectionsCheckingInterval: 30000,[39m
[31m      _events: [Object: null prototype],[39m
[31m      _eventsCount: 2,[39m
[31m      _maxListeners: undefined,[39m
[31m      _connections: 1,[39m
[31m      _handle: [TCP],[39m
[31m      _usingWorkers: false,[39m
[31m      _workers: [],[39m
[31m      _unref: false,[39m
[31m      allowHalfOpen: true,[39m
[31m      pauseOnConnect: false,[39m
[31m      noDelay: true,[39m
[31m      keepAlive: false,[39m
[31m      keepAliveInitialDelay: 0,[39m
[31m      httpAllowHalfOpen: false,[39m
[31m      timeout: 0,[39m
[31m      maxHeadersCount: null,[39m
[31m      maxRequestsPerSocket: 0,[39m
[31m      _connectionKey: '6::::5000',[39m
[31m      [Symbol(IncomingMessage)]: [Function: IncomingMessage],[39m
[31m      [Symbol(ServerResponse)]: [Function: ServerResponse],[39m
[31m      [Symbol(kCapture)]: false,[39m
[31m      [Symbol(async_id_symbol)]: 721,[39m
[31m      [Symbol(http.server.connections)]: ConnectionsList {},[39m
[31m      [Symbol(http.server.connectionsCheckingInterval)]: Timeout {[39m
[31m        _idleTimeout: 30000,[39m
[31m        _idlePrev: [TimersList],[39m
[31m        _idleNext: [TimersList],[39m
[31m        _idleStart: 1102,[39m
[31m        _onTimeout: [Function: bound checkConnections],[39m
[31m        _timerArgs: undefined,[39m
[31m        _repeat: 30000,[39m
[31m        _destroyed: false,[39m
[31m        [Symbol(refed)]: false,[39m
[31m        [Symbol(kHasPrimitive)]: false,[39m
[31m        [Symbol(asyncId)]: 720,[39m
[31m        [Symbol(triggerId)]: 1[39m
[31m      },[39m
[31m      [Symbol(kUniqueHeaders)]: null[39m
[31m    },[39m
[31m    parser: HTTPParser {[39m
[31m      '0': null,[39m
[31m      '1': [Function: parserOnHeaders],[39m
[31m      '2': [Function: parserOnHeadersComplete],[39m
[31m      '3': [Function: parserOnBody],[39m
[31m      '4': [Function: parserOnMessageComplete],[39m
[31m      '5': [Function: bound onParserExecute],[39m
[31m      '6': [Function: bound onParserTimeout],[39m
[31m      _headers: [],[39m
[31m      _url: '',[39m
[31m      socket: [Circular *1],[39m
[31m      incoming: [Circular *2],[39m
[31m      outgoing: null,[39m
[31m      maxHeaderPairs: 2000,[39m
[31m      _consumed: true,[39m
[31m      onIncoming: [Function: bound parserOnIncoming],[39m
[31m      [Symbol(resource_symbol)]: [HTTPServerAsyncResource][39m
[31m    },[39m
[31m    on: [Function: socketListenerWrap],[39m
[31m    addListener: [Function: socketListenerWrap],[39m
[31m    prependListener: [Function: socketListenerWrap],[39m
[31m    setEncoding: [Function: socketSetEncoding],[39m
[31m    _paused: false,[39m
[31m    _httpMessage: ServerResponse {[39m
[31m      _events: [Object: null prototype],[39m
[31m      _eventsCount: 2,[39m
[31m      _maxListeners: undefined,[39m
[31m      outputData: [],[39m
[31m      outputSize: 0,[39m
[31m      writable: true,[39m
[31m      destroyed: false,[39m
[31m      _last: false,[39m
[31m      chunkedEncoding: false,[39m
[31m      shouldKeepAlive: true,[39m
[31m      maxRequestsOnConnectionReached: false,[39m
[31m      _defaultKeepAlive: true,[39m
[31m      useChunkedEncodingByDefault: true,[39m
[31m      sendDate: true,[39m
[31m      _removedConnection: false,[39m
[31m      _removedContLen: false,[39m
[31m      _removedTE: false,[39m
[31m      strictContentLength: false,[39m
[31m      _contentLength: null,[39m
[31m      _hasBody: true,[39m
[31m      _trailer: '',[39m
[31m      finished: false,[39m
[31m      _headerSent: false,[39m
[31m      _closed: false,[39m
[31m      socket: [Circular *1],[39m
[31m      _header: null,[39m
[31m      _keepAliveTimeout: 5000,[39m
[31m      _onPendingData: [Function: bound updateOutgoingData],[39m
[31m      req: [Circular *2],[39m
[31m      _sent100: false,[39m
[31m      _expect_continue: false,[39m
[31m      _maxRequestsPerSocket: 0,[39m
[31m      locals: [Object: null prototype] {},[39m
[31m      _startAt: undefined,[39m
[31m      _startTime: undefined,[39m
[31m      writeHead: [Function: writeHead],[39m
[31m      __onFinished: [Function],[39m
[31m      [Symbol(kCapture)]: false,[39m
[31m      [Symbol(kBytesWritten)]: 0,[39m
[31m      [Symbol(kEndCalled)]: false,[39m
[31m      [Symbol(kNeedDrain)]: false,[39m
[31m      [Symbol(corked)]: 0,[39m
[31m      [Symbol(kOutHeaders)]: [Object: null prototype],[39m
[31m      [Symbol(kUniqueHeaders)]: null[39m
[31m    },[39m
[31m    _peername: { address: '::1', family: 'IPv6', port: 49425 },[39m
[31m    [Symbol(async_id_symbol)]: 932,[39m
[31m    [Symbol(kHandle)]: TCP {[39m
[31m      reading: true,[39m
[31m      onconnection: null,[39m
[31m      _consumed: true,[39m
[31m      [Symbol(owner_symbol)]: [Circular *1][39m
[31m    },[39m
[31m    [Symbol(lastWriteQueueSize)]: 0,[39m
[31m    [Symbol(timeout)]: null,[39m
[31m    [Symbol(kBuffer)]: null,[39m
[31m    [Symbol(kBufferCb)]: null,[39m
[31m    [Symbol(kBufferGen)]: null,[39m
[31m    [Symbol(kCapture)]: false,[39m
[31m    [Symbol(kSetNoDelay)]: true,[39m
[31m    [Symbol(kSetKeepAlive)]: false,[39m
[31m    [Symbol(kSetKeepAliveInitialDelay)]: 0,[39m
[31m    [Symbol(kBytesRead)]: 0,[39m
[31m    [Symbol(kBytesWritten)]: 0[39m
[31m  },[39m
[31m  httpVersionMajor: 1,[39m
[31m  httpVersionMinor: 1,[39m
[31m  httpVersion: '1.1',[39m
[31m  complete: true,[39m
[31m  rawHeaders: [[39m
[31m    'User-Agent',[39m
[31m    'PostmanRuntime/7.32.2',[39m
[31m    'Accept',[39m
[31m    '*/*',[39m
[31m    'Postman-Token',[39m
[31m    'bac60979-a50d-49a7-86fc-f0a6b3388554',[39m
[31m    'Host',[39m
[31m    'localhost:5000',[39m
[31m    'Accept-Encoding',[39m
[31m    'gzip, deflate, br',[39m
[31m    'Connection',[39m
[31m    'keep-alive'[39m
[31m  ],[39m
[31m  rawTrailers: [],[39m
[31m  aborted: false,[39m
[31m  upgrade: false,[39m
[31m  url: '/6467c241cb23d0528a606fdb',[39m
[31m  method: 'GET',[39m
[31m  statusCode: null,[39m
[31m  statusMessage: null,[39m
[31m  client: <ref *1> Socket {[39m
[31m    connecting: false,[39m
[31m    _hadError: false,[39m
[31m    _parent: null,[39m
[31m    _host: null,[39m
[31m    _closeAfterHandlingError: false,[39m
[31m    _readableState: ReadableState {[39m
[31m      objectMode: false,[39m
[31m      highWaterMark: 16384,[39m
[31m      buffer: BufferList { head: null, tail: null, length: 0 },[39m
[31m      length: 0,[39m
[31m      pipes: [],[39m
[31m      flowing: true,[39m
[31m      ended: false,[39m
[31m      endEmitted: false,[39m
[31m      reading: true,[39m
[31m      constructed: true,[39m
[31m      sync: false,[39m
[31m      needReadable: true,[39m
[31m      emittedReadable: false,[39m
[31m      readableListening: false,[39m
[31m      resumeScheduled: false,[39m
[31m      errorEmitted: false,[39m
[31m      emitClose: false,[39m
[31m      autoDestroy: true,[39m
[31m      destroyed: false,[39m
[31m      errored: null,[39m
[31m      closed: false,[39m
[31m      closeEmitted: false,[39m
[31m      defaultEncoding: 'utf8',[39m
[31m      awaitDrainWriters: null,[39m
[31m      multiAwaitDrain: false,[39m
[31m      readingMore: false,[39m
[31m      dataEmitted: false,[39m
[31m      decoder: null,[39m
[31m      encoding: null,[39m
[31m      [Symbol(kPaused)]: false[39m
[31m    },[39m
[31m    _events: [Object: null prototype] {[39m
[31m      end: [Array],[39m
[31m      timeout: [Function: socketOnTimeout],[39m
[31m      data: [Function: bound socketOnData],[39m
[31m      error: [Array],[39m
[31m      close: [Array],[39m
[31m      drain: [Function: bound socketOnDrain],[39m
[31m      resume: [Function: onSocketResume],[39m
[31m      pause: [Function: onSocketPause][39m
[31m    },[39m
[31m    _eventsCount: 8,[39m
[31m    _maxListeners: undefined,[39m
[31m    _writableState: WritableState {[39m
[31m      objectMode: false,[39m
[31m      highWaterMark: 16384,[39m
[31m      finalCalled: false,[39m
[31m      needDrain: false,[39m
[31m      ending: false,[39m
[31m      ended: false,[39m
[31m      finished: false,[39m
[31m      destroyed: false,[39m
[31m      decodeStrings: false,[39m
[31m      defaultEncoding: 'utf8',[39m
[31m      length: 0,[39m
[31m      writing: false,[39m
[31m      corked: 0,[39m
[31m      sync: true,[39m
[31m      bufferProcessing: false,[39m
[31m      onwrite: [Function: bound onwrite],[39m
[31m      writecb: null,[39m
[31m      writelen: 0,[39m
[31m      afterWriteTickInfo: null,[39m
[31m      buffered: [],[39m
[31m      bufferedIndex: 0,[39m
[31m      allBuffers: true,[39m
[31m      allNoop: true,[39m
[31m      pendingcb: 0,[39m
[31m      constructed: true,[39m
[31m      prefinished: false,[39m
[31m      errorEmitted: false,[39m
[31m      emitClose: false,[39m
[31m      autoDestroy: true,[39m
[31m      errored: null,[39m
[31m      closed: false,[39m
[31m      closeEmitted: false,[39m
[31m      [Symbol(kOnFinished)]: [][39m
[31m    },[39m
[31m    allowHalfOpen: true,[39m
[31m    _sockname: null,[39m
[31m    _pendingData: null,[39m
[31m    _pendingEncoding: '',[39m
[31m    server: Server {[39m
[31m      maxHeaderSize: undefined,[39m
[31m      insecureHTTPParser: undefined,[39m
[31m      requestTimeout: 300000,[39m
[31m      headersTimeout: 60000,[39m
[31m      keepAliveTimeout: 5000,[39m
[31m      connectionsCheckingInterval: 30000,[39m
[31m      _events: [Object: null prototype],[39m
[31m      _eventsCount: 2,[39m
[31m      _maxListeners: undefined,[39m
[31m      _connections: 1,[39m
[31m      _handle: [TCP],[39m
[31m      _usingWorkers: false,[39m
[31m      _workers: [],[39m
[31m      _unref: false,[39m
[31m      allowHalfOpen: true,[39m
[31m      pauseOnConnect: false,[39m
[31m      noDelay: true,[39m
[31m      keepAlive: false,[39m
[31m      keepAliveInitialDelay: 0,[39m
[31m      httpAllowHalfOpen: false,[39m
[31m      timeout: 0,[39m
[31m      maxHeadersCount: null,[39m
[31m      maxRequestsPerSocket: 0,[39m
[31m      _connectionKey: '6::::5000',[39m
[31m      [Symbol(IncomingMessage)]: [Function: IncomingMessage],[39m
[31m      [Symbol(ServerResponse)]: [Function: ServerResponse],[39m
[31m      [Symbol(kCapture)]: false,[39m
[31m      [Symbol(async_id_symbol)]: 721,[39m
[31m      [Symbol(http.server.connections)]: ConnectionsList {},[39m
[31m      [Symbol(http.server.connectionsCheckingInterval)]: Timeout {[39m
[31m        _idleTimeout: 30000,[39m
[31m        _idlePrev: [TimersList],[39m
[31m        _idleNext: [TimersList],[39m
[31m        _idleStart: 1102,[39m
[31m        _onTimeout: [Function: bound checkConnections],[39m
[31m        _timerArgs: undefined,[39m
[31m        _repeat: 30000,[39m
[31m        _destroyed: false,[39m
[31m        [Symbol(refed)]: false,[39m
[31m        [Symbol(kHasPrimitive)]: false,[39m
[31m        [Symbol(asyncId)]: 720,[39m
[31m        [Symbol(triggerId)]: 1[39m
[31m      },[39m
[31m      [Symbol(kUniqueHeaders)]: null[39m
[31m    },[39m
[31m    _server: Server {[39m
[31m      maxHeaderSize: undefined,[39m
[31m      insecureHTTPParser: undefined,[39m
[31m      requestTimeout: 300000,[39m
[31m      headersTimeout: 60000,[39m
[31m      keepAliveTimeout: 5000,[39m
[31m      connectionsCheckingInterval: 30000,[39m
[31m      _events: [Object: null prototype],[39m
[31m      _eventsCount: 2,[39m
[31m      _maxListeners: undefined,[39m
[31m      _connections: 1,[39m
[31m      _handle: [TCP],[39m
[31m      _usingWorkers: false,[39m
[31m      _workers: [],[39m
[31m      _unref: false,[39m
[31m      allowHalfOpen: true,[39m
[31m      pauseOnConnect: false,[39m
[31m      noDelay: true,[39m
[31m      keepAlive: false,[39m
[31m      keepAliveInitialDelay: 0,[39m
[31m      httpAllowHalfOpen: false,[39m
[31m      timeout: 0,[39m
[31m      maxHeadersCount: null,[39m
[31m      maxRequestsPerSocket: 0,[39m
[31m      _connectionKey: '6::::5000',[39m
[31m      [Symbol(IncomingMessage)]: [Function: IncomingMessage],[39m
[31m      [Symbol(ServerResponse)]: [Function: ServerResponse],[39m
[31m      [Symbol(kCapture)]: false,[39m
[31m      [Symbol(async_id_symbol)]: 721,[39m
[31m      [Symbol(http.server.connections)]: ConnectionsList {},[39m
[31m      [Symbol(http.server.connectionsCheckingInterval)]: Timeout {[39m
[31m        _idleTimeout: 30000,[39m
[31m        _idlePrev: [TimersList],[39m
[31m        _idleNext: [TimersList],[39m
[31m        _idleStart: 1102,[39m
[31m        _onTimeout: [Function: bound checkConnections],[39m
[31m        _timerArgs: undefined,[39m
[31m        _repeat: 30000,[39m
[31m        _destroyed: false,[39m
[31m        [Symbol(refed)]: false,[39m
[31m        [Symbol(kHasPrimitive)]: false,[39m
[31m        [Symbol(asyncId)]: 720,[39m
[31m        [Symbol(triggerId)]: 1[39m
[31m      },[39m
[31m      [Symbol(kUniqueHeaders)]: null[39m
[31m    },[39m
[31m    parser: HTTPParser {[39m
[31m      '0': null,[39m
[31m      '1': [Function: parserOnHeaders],[39m
[31m      '2': [Function: parserOnHeadersComplete],[39m
[31m      '3': [Function: parserOnBody],[39m
[31m      '4': [Function: parserOnMessageComplete],[39m
[31m      '5': [Function: bound onParserExecute],[39m
[31m      '6': [Function: bound onParserTimeout],[39m
[31m      _headers: [],[39m
[31m      _url: '',[39m
[31m      socket: [Circular *1],[39m
[31m      incoming: [Circular *2],[39m
[31m      outgoing: null,[39m
[31m      maxHeaderPairs: 2000,[39m
[31m      _consumed: true,[39m
[31m      onIncoming: [Function: bound parserOnIncoming],[39m
[31m      [Symbol(resource_symbol)]: [HTTPServerAsyncResource][39m
[31m    },[39m
[31m    on: [Function: socketListenerWrap],[39m
[31m    addListener: [Function: socketListenerWrap],[39m
[31m    prependListener: [Function: socketListenerWrap],[39m
[31m    setEncoding: [Function: socketSetEncoding],[39m
[31m    _paused: false,[39m
[31m    _httpMessage: ServerResponse {[39m
[31m      _events: [Object: null prototype],[39m
[31m      _eventsCount: 2,[39m
[31m      _maxListeners: undefined,[39m
[31m      outputData: [],[39m
[31m      outputSize: 0,[39m
[31m      writable: true,[39m
[31m      destroyed: false,[39m
[31m      _last: false,[39m
[31m      chunkedEncoding: false,[39m
[31m      shouldKeepAlive: true,[39m
[31m      maxRequestsOnConnectionReached: false,[39m
[31m      _defaultKeepAlive: true,[39m
[31m      useChunkedEncodingByDefault: true,[39m
[31m      sendDate: true,[39m
[31m      _removedConnection: false,[39m
[31m      _removedContLen: false,[39m
[31m      _removedTE: false,[39m
[31m      strictContentLength: false,[39m
[31m      _contentLength: null,[39m
[31m      _hasBody: true,[39m
[31m      _trailer: '',[39m
[31m      finished: false,[39m
[31m      _headerSent: false,[39m
[31m      _closed: false,[39m
[31m      socket: [Circular *1],[39m
[31m      _header: null,[39m
[31m      _keepAliveTimeout: 5000,[39m
[31m      _onPendingData: [Function: bound updateOutgoingData],[39m
[31m      req: [Circular *2],[39m
[31m      _sent100: false,[39m
[31m      _expect_continue: false,[39m
[31m      _maxRequestsPerSocket: 0,[39m
[31m      locals: [Object: null prototype] {},[39m
[31m      _startAt: undefined,[39m
[31m      _startTime: undefined,[39m
[31m      writeHead: [Function: writeHead],[39m
[31m      __onFinished: [Function],[39m
[31m      [Symbol(kCapture)]: false,[39m
[31m      [Symbol(kBytesWritten)]: 0,[39m
[31m      [Symbol(kEndCalled)]: false,[39m
[31m      [Symbol(kNeedDrain)]: false,[39m
[31m      [Symbol(corked)]: 0,[39m
[31m      [Symbol(kOutHeaders)]: [Object: null prototype],[39m
[31m      [Symbol(kUniqueHeaders)]: null[39m
[31m    },[39m
[31m    _peername: { address: '::1', family: 'IPv6', port: 49425 },[39m
[31m    [Symbol(async_id_symbol)]: 932,[39m
[31m    [Symbol(kHandle)]: TCP {[39m
[31m      reading: true,[39m
[31m      onconnection: null,[39m
[31m      _consumed: true,[39m
[31m      [Symbol(owner_symbol)]: [Circular *1][39m
[31m    },[39m
[31m    [Symbol(lastWriteQueueSize)]: 0,[39m
[31m    [Symbol(timeout)]: null,[39m
[31m    [Symbol(kBuffer)]: null,[39m
[31m    [Symbol(kBufferCb)]: null,[39m
[31m    [Symbol(kBufferGen)]: null,[39m
[31m    [Symbol(kCapture)]: false,[39m
[31m    [Symbol(kSetNoDelay)]: true,[39m
[31m    [Symbol(kSetKeepAlive)]: false,[39m
[31m    [Symbol(kSetKeepAliveInitialDelay)]: 0,[39m
[31m    [Symbol(kBytesRead)]: 0,[39m
[31m    [Symbol(kBytesWritten)]: 0[39m
[31m  },[39m
[31m  _consuming: false,[39m
[31m  _dumped: false,[39m
[31m  next: [Function: next],[39m
[31m  baseUrl: '/lesson',[39m
[31m  originalUrl: '/lesson/6467c241cb23d0528a606fdb',[39m
[31m  _parsedUrl: Url {[39m
[31m    protocol: null,[39m
[31m    slashes: null,[39m
[31m    auth: null,[39m
[31m    host: null,[39m
[31m    port: null,[39m
[31m    hostname: null,[39m
[31m    hash: null,[39m
[31m    search: null,[39m
[31m    query: null,[39m
[31m    pathname: '/6467c241cb23d0528a606fdb',[39m
[31m    path: '/6467c241cb23d0528a606fdb',[39m
[31m    href: '/6467c241cb23d0528a606fdb',[39m
[31m    _raw: '/6467c241cb23d0528a606fdb'[39m
[31m  },[39m
[31m  params: { id: '6467c241cb23d0528a606fdb' },[39m
[31m  query: {},[39m
[31m  res: <ref *3> ServerResponse {[39m
[31m    _events: [Object: null prototype] {[39m
[31m      finish: [Array],[39m
[31m      end: [Function: onevent][39m
[31m    },[39m
[31m    _eventsCount: 2,[39m
[31m    _maxListeners: undefined,[39m
[31m    outputData: [],[39m
[31m    outputSize: 0,[39m
[31m    writable: true,[39m
[31m    destroyed: false,[39m
[31m    _last: false,[39m
[31m    chunkedEncoding: false,[39m
[31m    shouldKeepAlive: true,[39m
[31m    maxRequestsOnConnectionReached: false,[39m
[31m    _defaultKeepAlive: true,[39m
[31m    useChunkedEncodingByDefault: true,[39m
[31m    sendDate: true,[39m
[31m    _removedConnection: false,[39m
[31m    _removedContLen: false,[39m
[31m    _removedTE: false,[39m
[31m    strictContentLength: false,[39m
[31m    _contentLength: null,[39m
[31m    _hasBody: true,[39m
[31m    _trailer: '',[39m
[31m    finished: false,[39m
[31m    _headerSent: false,[39m
[31m    _closed: false,[39m
[31m    socket: <ref *1> Socket {[39m
[31m      connecting: false,[39m
[31m      _hadError: false,[39m
[31m      _parent: null,[39m
[31m      _host: null,[39m
[31m      _closeAfterHandlingError: false,[39m
[31m      _readableState: [ReadableState],[39m
[31m      _events: [Object: null prototype],[39m
[31m      _eventsCount: 8,[39m
[31m      _maxListeners: undefined,[39m
[31m      _writableState: [WritableState],[39m
[31m      allowHalfOpen: true,[39m
[31m      _sockname: null,[39m
[31m      _pendingData: null,[39m
[31m      _pendingEncoding: '',[39m
[31m      server: [Server],[39m
[31m      _server: [Server],[39m
[31m      parser: [HTTPParser],[39m
[31m      on: [Function: socketListenerWrap],[39m
[31m      addListener: [Function: socketListenerWrap],[39m
[31m      prependListener: [Function: socketListenerWrap],[39m
[31m      setEncoding: [Function: socketSetEncoding],[39m
[31m      _paused: false,[39m
[31m      _httpMessage: [Circular *3],[39m
[31m      _peername: [Object],[39m
[31m      [Symbol(async_id_symbol)]: 932,[39m
[31m      [Symbol(kHandle)]: [TCP],[39m
[31m      [Symbol(lastWriteQueueSize)]: 0,[39m
[31m      [Symbol(timeout)]: null,[39m
[31m      [Symbol(kBuffer)]: null,[39m
[31m      [Symbol(kBufferCb)]: null,[39m
[31m      [Symbol(kBufferGen)]: null,[39m
[31m      [Symbol(kCapture)]: false,[39m
[31m      [Symbol(kSetNoDelay)]: true,[39m
[31m      [Symbol(kSetKeepAlive)]: false,[39m
[31m      [Symbol(kSetKeepAliveInitialDelay)]: 0,[39m
[31m      [Symbol(kBytesRead)]: 0,[39m
[31m      [Symbol(kBytesWritten)]: 0[39m
[31m    },[39m
[31m    _header: null,[39m
[31m    _keepAliveTimeout: 5000,[39m
[31m    _onPendingData: [Function: bound updateOutgoingData],[39m
[31m    req: [Circular *2],[39m
[31m    _sent100: false,[39m
[31m    _expect_continue: false,[39m
[31m    _maxRequestsPerSocket: 0,[39m
[31m    locals: [Object: null prototype] {},[39m
[31m    _startAt: undefined,[39m
[31m    _startTime: undefined,[39m
[31m    writeHead: [Function: writeHead],[39m
[31m    __onFinished: [Function: listener] { queue: [Array] },[39m
[31m    [Symbol(kCapture)]: false,[39m
[31m    [Symbol(kBytesWritten)]: 0,[39m
[31m    [Symbol(kEndCalled)]: false,[39m
[31m    [Symbol(kNeedDrain)]: false,[39m
[31m    [Symbol(corked)]: 0,[39m
[31m    [Symbol(kOutHeaders)]: [Object: null prototype] { 'x-powered-by': [Array] },[39m
[31m    [Symbol(kUniqueHeaders)]: null[39m
[31m  },[39m
[31m  body: {},[39m
[31m  _startAt: [ 445884, 958095200 ],[39m
[31m  _startTime: 2023-05-19T18:46:10.127Z,[39m
[31m  _remoteAddress: '::1',[39m
[31m  route: Route { path: '/:id', stack: [ [Layer] ], methods: { get: true } },[39m
[31m  [Symbol(kCapture)]: false,[39m
[31m  [Symbol(kHeaders)]: {[39m
[31m    'user-agent': 'PostmanRuntime/7.32.2',[39m
[31m    accept: '*/*',[39m
[31m    'postman-token': 'bac60979-a50d-49a7-86fc-f0a6b3388554',[39m
[31m    host: 'localhost:5000',[39m
[31m    'accept-encoding': 'gzip, deflate, br',[39m
[31m    connection: 'keep-alive'[39m
[31m  },[39m
[31m  [Symbol(kHeadersCount)]: 12,[39m
[31m  [Symbol(kTrailers)]: null,[39m
[31m  [Symbol(kTrailersCount)]: 0[39m
[31m}" (type IncomingMessage) at path "_id" for model "Lesson"[39m
